<?xml version="1.0" encoding="UTF-8"?>
<testng-results skipped="0" failed="0" ignored="0" total="1" passed="1">
  <reporter-output>
  </reporter-output>
  <suite name="Default suite" duration-ms="68709" started-at="2022-07-24T18:20:01Z" finished-at="2022-07-24T18:21:10Z">
    <groups>
      <group name="cucumber">
        <method signature="TestRunner.feature(cucumber.api.testng.CucumberFeatureWrapper)[pri:0, instance:Com.QA.Runner.TestRunner@7791a895]" name="feature" class="Com.QA.Runner.TestRunner"/>
      </group> <!-- cucumber -->
    </groups>
    <test name="Default test" duration-ms="68709" started-at="2022-07-24T18:20:01Z" finished-at="2022-07-24T18:21:10Z">
      <class name="Com.QA.Runner.TestRunner">
        <test-method status="PASS" signature="setUpClass()[pri:0, instance:Com.QA.Runner.TestRunner@7791a895]" name="setUpClass" is-config="true" duration-ms="1307" started-at="2022-07-24T18:20:01Z" finished-at="2022-07-24T18:20:02Z">
          <reporter-output>
          </reporter-output>
        </test-method> <!-- setUpClass -->
        <test-method status="PASS" signature="feature(cucumber.api.testng.CucumberFeatureWrapper)[pri:0, instance:Com.QA.Runner.TestRunner@7791a895]" name="feature" duration-ms="66401" started-at="2022-07-24T18:20:03Z" description="Runs Cucumber Feature" data-provider="features" finished-at="2022-07-24T18:21:09Z">
          <params>
            <param index="0">
              <value>
                <![CDATA[Testing SignUp Page Of FaceBook]]>
              </value>
            </param>
          </params>
          <reporter-output>
          </reporter-output>
        </test-method> <!-- feature -->
        <test-method status="PASS" signature="tearDownClass()[pri:0, instance:Com.QA.Runner.TestRunner@7791a895]" name="tearDownClass" is-config="true" duration-ms="519" started-at="2022-07-24T18:21:09Z" finished-at="2022-07-24T18:21:10Z">
          <reporter-output>
          </reporter-output>
        </test-method> <!-- tearDownClass -->
      </class> <!-- Com.QA.Runner.TestRunner -->
    </test> <!-- Default test -->
  </suite> <!-- Default suite -->
</testng-results>
