<?xml version="1.0" encoding="UTF-8"?>
<!-- Generated by org.testng.reporters.JUnitXMLReporter -->
<testsuite hostname="DESKTOP-ML2RV93" ignored="0" name="Test" tests="2" failures="1" timestamp="24 Jul 2022 13:22:44 GMT" time="1.927" errors="0">
  <testcase name="feature" time="0.286" classname="Com.QA.Runner.TestRunner"/>
  <testcase name="user_is_on_HomePage" time="0.006" classname="Com.QA.Step_Defination.SignUpPage">
    <failure type="java.lang.NullPointerException">
      <![CDATA[java.lang.NullPointerException
at Com.QA.Pages.LogIn.HomePage_title(LogIn.java:48)
at Com.QA.Pages.SignUp.user_is_on_HomePage(SignUp.java:30)
at Com.QA.Step_Defination.SignUpPage.user_is_on_HomePage(SignUpPage.java:38)
... Removed 25 stack frames]]>
    </failure>
  </testcase> <!-- user_is_on_HomePage -->
</testsuite> <!-- Test -->
